<?xml version="1.0" encoding="UTF-8"?>
<!-- Generated by org.testng.reporters.JUnitReportReporter -->
<testsuite hostname="DESKTOP-B4E308O" failures="0" tests="1" name="runner.CucumberRunner" time="126.896" errors="0" timestamp="2024-04-19T19:40:48 IST" skipped="0">
  <testcase classname="runner.CucumberRunner" name="runScenario" time="126.896"/>
  <system-out/>
</testsuite> <!-- runner.CucumberRunner -->
